<?xml version="1.0" encoding="UTF-8"?>
<!-- Generated by org.testng.reporters.JUnitXMLReporter -->
<testsuite hostname="Lenovo-PC" name="Test" tests="3" failures="0" timestamp="20 Jun 2021 14:22:23 GMT" time="144.455" errors="0">
  <testcase name="login" time="30.534" classname="test.TESTActitimeLogin"/>
  <testcase name="customerCreate" time="60.663" classname="test.TESTActitimeCreateCustomer"/>
  <testcase name="workCreate" time="53.177" classname="test.TESTActitimeCreateWork"/>
</testsuite> <!-- Test -->
