<?xml version="1.0" encoding="UTF-8"?>
<testng-results skipped="0" failed="0" total="3" passed="3">
  <reporter-output>
  </reporter-output>
  <suite name="Suite" duration-ms="144455" started-at="2021-06-20T14:19:59Z" finished-at="2021-06-20T14:22:23Z">
    <groups>
      <group name="Regression">
        <method signature="TESTActitimeCreateWork.workCreate()[pri:0, instance:test.TESTActitimeCreateWork@48eff760]" name="workCreate" class="test.TESTActitimeCreateWork"/>
      </group> <!-- Regression -->
      <group name="Smoke">
        <method signature="TESTActitimeCreateCustomer.customerCreate()[pri:0, instance:test.TESTActitimeCreateCustomer@7c0e2abd]" name="customerCreate" class="test.TESTActitimeCreateCustomer"/>
        <method signature="TESTActitimeLogin.login()[pri:0, instance:test.TESTActitimeLogin@6a2bcfcb]" name="login" class="test.TESTActitimeLogin"/>
      </group> <!-- Smoke -->
    </groups>
    <test name="Test" duration-ms="144455" started-at="2021-06-20T14:19:59Z" finished-at="2021-06-20T14:22:23Z">
      <class name="test.TESTActitimeCreateCustomer">
        <test-method status="PASS" signature="customerCreate()[pri:0, instance:test.TESTActitimeCreateCustomer@7c0e2abd]" name="customerCreate" duration-ms="60663" started-at="2021-06-20T19:50:29Z" finished-at="2021-06-20T19:51:30Z">
          <reporter-output>
          </reporter-output>
        </test-method> <!-- customerCreate -->
      </class> <!-- test.TESTActitimeCreateCustomer -->
      <class name="test.TESTActitimeLogin">
        <test-method status="PASS" signature="login()[pri:0, instance:test.TESTActitimeLogin@6a2bcfcb]" name="login" duration-ms="30534" started-at="2021-06-20T19:49:59Z" finished-at="2021-06-20T19:50:29Z">
          <reporter-output>
          </reporter-output>
        </test-method> <!-- login -->
      </class> <!-- test.TESTActitimeLogin -->
      <class name="test.TESTActitimeCreateWork">
        <test-method status="PASS" signature="workCreate()[pri:0, instance:test.TESTActitimeCreateWork@48eff760]" name="workCreate" duration-ms="53177" started-at="2021-06-20T19:51:30Z" finished-at="2021-06-20T19:52:23Z">
          <reporter-output>
          </reporter-output>
        </test-method> <!-- workCreate -->
      </class> <!-- test.TESTActitimeCreateWork -->
    </test> <!-- Test -->
  </suite> <!-- Suite -->
</testng-results>
